{"D:\\myDocs\\Estudos\\Rocketseat\\GoStack11\\Nivel5\\gobarber\\src\\assets\\logo.png": {"path":"D:\\myDocs\\Estudos\\Rocketseat\\GoStack11\\Nivel5\\gobarber\\src\\assets\\logo.png","statementMap":{"0":{"start":{"line":1,"column":0},"end":{"line":4,"column":6}}},"fnMap":{},"branchMap":{},"s":{"0":1},"f":{},"b":{},"_coverageSchema":"43e27e138ebf9cfc5966b082cf9a028302ed4184","hash":"c4570cfd49c6c2b79733b67ecbbdd4a17bd7b8c6"}
,"D:\\myDocs\\Estudos\\Rocketseat\\GoStack11\\Nivel5\\gobarber\\src\\components\\Button\\index.tsx": {"path":"D:\\myDocs\\Estudos\\Rocketseat\\GoStack11\\Nivel5\\gobarber\\src\\components\\Button\\index.tsx","statementMap":{"0":{"start":{"line":10,"column":38},"end":{"line":14,"column":1}},"1":{"start":{"line":11,"column":2},"end":{"line":13,"column":14}}},"fnMap":{"0":{"name":"(anonymous_0)","decl":{"start":{"line":10,"column":38},"end":{"line":10,"column":39}},"loc":{"start":{"line":11,"column":2},"end":{"line":13,"column":14}},"line":11}},"branchMap":{},"s":{"0":1,"1":1},"f":{"0":1},"b":{},"_coverageSchema":"43e27e138ebf9cfc5966b082cf9a028302ed4184","hash":"7a439950a0badb314c4d8d9ce3844528bedfbbb8"}
,"D:\\myDocs\\Estudos\\Rocketseat\\GoStack11\\Nivel5\\gobarber\\src\\components\\Button\\styles.ts": {"path":"D:\\myDocs\\Estudos\\Rocketseat\\GoStack11\\Nivel5\\gobarber\\src\\components\\Button\\styles.ts","statementMap":{"0":{"start":{"line":4,"column":25},"end":{"line":12,"column":1}},"1":{"start":{"line":14,"column":26},"end":{"line":18,"column":1}}},"fnMap":{},"branchMap":{},"s":{"0":1,"1":1},"f":{},"b":{},"_coverageSchema":"43e27e138ebf9cfc5966b082cf9a028302ed4184","hash":"f12904b8db321291566f83c11f68adeb29e07fcf"}
,"D:\\myDocs\\Estudos\\Rocketseat\\GoStack11\\Nivel5\\gobarber\\src\\components\\Input\\index.tsx": {"path":"D:\\myDocs\\Estudos\\Rocketseat\\GoStack11\\Nivel5\\gobarber\\src\\components\\Input\\index.tsx","statementMap":{"0":{"start":{"line":28,"column":66},"end":{"line":86,"column":1}},"1":{"start":{"line":32,"column":26},"end":{"line":32,"column":43}},"2":{"start":{"line":34,"column":65},"end":{"line":34,"column":79}},"3":{"start":{"line":35,"column":24},"end":{"line":35,"column":76}},"4":{"start":{"line":37,"column":36},"end":{"line":37,"column":51}},"5":{"start":{"line":38,"column":34},"end":{"line":38,"column":49}},"6":{"start":{"line":40,"column":27},"end":{"line":42,"column":8}},"7":{"start":{"line":41,"column":4},"end":{"line":41,"column":23}},"8":{"start":{"line":44,"column":26},"end":{"line":48,"column":8}},"9":{"start":{"line":45,"column":4},"end":{"line":45,"column":24}},"10":{"start":{"line":47,"column":4},"end":{"line":47,"column":47}},"11":{"start":{"line":50,"column":2},"end":{"line":54,"column":6}},"12":{"start":{"line":50,"column":34},"end":{"line":54,"column":3}},"13":{"start":{"line":52,"column":6},"end":{"line":52,"column":38}},"14":{"start":{"line":56,"column":2},"end":{"line":62,"column":33}},"15":{"start":{"line":57,"column":4},"end":{"line":61,"column":7}},"16":{"start":{"line":64,"column":2},"end":{"line":85,"column":4}},"17":{"start":{"line":80,"column":10},"end":{"line":80,"column":46}}},"fnMap":{"0":{"name":"(anonymous_0)","decl":{"start":{"line":28,"column":66},"end":{"line":28,"column":67}},"loc":{"start":{"line":31,"column":5},"end":{"line":86,"column":1}},"line":31},"1":{"name":"(anonymous_1)","decl":{"start":{"line":40,"column":39},"end":{"line":40,"column":40}},"loc":{"start":{"line":40,"column":45},"end":{"line":42,"column":3}},"line":40},"2":{"name":"(anonymous_2)","decl":{"start":{"line":44,"column":38},"end":{"line":44,"column":39}},"loc":{"start":{"line":44,"column":44},"end":{"line":48,"column":3}},"line":44},"3":{"name":"(anonymous_3)","decl":{"start":{"line":50,"column":27},"end":{"line":50,"column":28}},"loc":{"start":{"line":50,"column":34},"end":{"line":54,"column":3}},"line":50},"4":{"name":"(anonymous_4)","decl":{"start":{"line":51,"column":4},"end":{"line":51,"column":5}},"loc":{"start":{"line":51,"column":12},"end":{"line":53,"column":5}},"line":51},"5":{"name":"(anonymous_5)","decl":{"start":{"line":56,"column":12},"end":{"line":56,"column":13}},"loc":{"start":{"line":56,"column":18},"end":{"line":62,"column":3}},"line":56},"6":{"name":"(anonymous_6)","decl":{"start":{"line":79,"column":22},"end":{"line":79,"column":23}},"loc":{"start":{"line":79,"column":33},"end":{"line":81,"column":9}},"line":79}},"branchMap":{"0":{"loc":{"start":{"line":29,"column":16},"end":{"line":29,"column":35}},"type":"default-arg","locations":[{"start":{"line":29,"column":33},"end":{"line":29,"column":35}}],"line":29},"1":{"loc":{"start":{"line":34,"column":25},"end":{"line":34,"column":42}},"type":"default-arg","locations":[{"start":{"line":34,"column":40},"end":{"line":34,"column":42}}],"line":34},"2":{"loc":{"start":{"line":69,"column":15},"end":{"line":69,"column":60}},"type":"cond-expr","locations":[{"start":{"line":69,"column":39},"end":{"line":69,"column":48}},{"start":{"line":69,"column":51},"end":{"line":69,"column":60}}],"line":69},"3":{"loc":{"start":{"line":69,"column":15},"end":{"line":69,"column":36}},"type":"binary-expr","locations":[{"start":{"line":69,"column":15},"end":{"line":69,"column":24}},{"start":{"line":69,"column":28},"end":{"line":69,"column":36}}],"line":69}},"s":{"0":1,"1":2,"2":2,"3":2,"4":2,"5":2,"6":2,"7":0,"8":2,"9":0,"10":0,"11":2,"12":1,"13":0,"14":2,"15":2,"16":2,"17":0},"f":{"0":2,"1":0,"2":0,"3":1,"4":0,"5":2,"6":0},"b":{"0":[2],"1":[2],"2":[0,2],"3":[2,2]},"_coverageSchema":"43e27e138ebf9cfc5966b082cf9a028302ed4184","hash":"e722a48d0283d7c7e213afddb3c3d32c9d94c1b3"}
,"D:\\myDocs\\Estudos\\Rocketseat\\GoStack11\\Nivel5\\gobarber\\src\\components\\Input\\styles.ts": {"path":"D:\\myDocs\\Estudos\\Rocketseat\\GoStack11\\Nivel5\\gobarber\\src\\components\\Input\\styles.ts","statementMap":{"0":{"start":{"line":9,"column":25},"end":{"line":33,"column":1}},"1":{"start":{"line":23,"column":4},"end":{"line":26,"column":5}},"2":{"start":{"line":29,"column":4},"end":{"line":32,"column":5}},"3":{"start":{"line":35,"column":25},"end":{"line":40,"column":1}},"4":{"start":{"line":42,"column":20},"end":{"line":44,"column":1}}},"fnMap":{"0":{"name":"(anonymous_0)","decl":{"start":{"line":22,"column":4},"end":{"line":22,"column":5}},"loc":{"start":{"line":23,"column":4},"end":{"line":26,"column":5}},"line":23},"1":{"name":"(anonymous_1)","decl":{"start":{"line":28,"column":4},"end":{"line":28,"column":5}},"loc":{"start":{"line":29,"column":4},"end":{"line":32,"column":5}},"line":29}},"branchMap":{"0":{"loc":{"start":{"line":23,"column":4},"end":{"line":26,"column":5}},"type":"binary-expr","locations":[{"start":{"line":23,"column":4},"end":{"line":23,"column":19}},{"start":{"line":24,"column":4},"end":{"line":26,"column":5}}],"line":23},"1":{"loc":{"start":{"line":29,"column":4},"end":{"line":32,"column":5}},"type":"binary-expr","locations":[{"start":{"line":29,"column":4},"end":{"line":29,"column":19}},{"start":{"line":30,"column":4},"end":{"line":32,"column":5}}],"line":29}},"s":{"0":1,"1":2,"2":2,"3":1,"4":1},"f":{"0":2,"1":2},"b":{"0":[2,0],"1":[2,0]},"_coverageSchema":"43e27e138ebf9cfc5966b082cf9a028302ed4184","hash":"44e11e4b0e5257263ae4512986b0079e994a6020"}
,"D:\\myDocs\\Estudos\\Rocketseat\\GoStack11\\Nivel5\\gobarber\\src\\hooks\\auth.tsx": {"path":"D:\\myDocs\\Estudos\\Rocketseat\\GoStack11\\Nivel5\\gobarber\\src\\hooks\\auth.tsx","statementMap":{"0":{"start":{"line":35,"column":20},"end":{"line":35,"column":73}},"1":{"start":{"line":37,"column":31},"end":{"line":103,"column":1}},"2":{"start":{"line":38,"column":26},"end":{"line":38,"column":62}},"3":{"start":{"line":39,"column":32},"end":{"line":39,"column":46}},"4":{"start":{"line":41,"column":2},"end":{"line":58,"column":9}},"5":{"start":{"line":43,"column":28},"end":{"line":46,"column":8}},"6":{"start":{"line":48,"column":6},"end":{"line":52,"column":7}},"7":{"start":{"line":49,"column":8},"end":{"line":49,"column":66}},"8":{"start":{"line":51,"column":8},"end":{"line":51,"column":64}},"9":{"start":{"line":54,"column":6},"end":{"line":54,"column":24}},"10":{"start":{"line":57,"column":4},"end":{"line":57,"column":22}},"11":{"start":{"line":60,"column":17},"end":{"line":76,"column":8}},"12":{"start":{"line":61,"column":21},"end":{"line":64,"column":6}},"13":{"start":{"line":66,"column":28},"end":{"line":66,"column":41}},"14":{"start":{"line":68,"column":4},"end":{"line":71,"column":7}},"15":{"start":{"line":73,"column":4},"end":{"line":73,"column":59}},"16":{"start":{"line":75,"column":4},"end":{"line":75,"column":29}},"17":{"start":{"line":78,"column":18},"end":{"line":82,"column":8}},"18":{"start":{"line":79,"column":4},"end":{"line":79,"column":74}},"19":{"start":{"line":81,"column":4},"end":{"line":81,"column":29}},"20":{"start":{"line":84,"column":21},"end":{"line":94,"column":3}},"21":{"start":{"line":86,"column":6},"end":{"line":86,"column":73}},"22":{"start":{"line":88,"column":6},"end":{"line":91,"column":9}},"23":{"start":{"line":96,"column":2},"end":{"line":102,"column":4}},"24":{"start":{"line":106,"column":18},"end":{"line":106,"column":41}},"25":{"start":{"line":108,"column":2},"end":{"line":110,"column":3}},"26":{"start":{"line":109,"column":4},"end":{"line":109,"column":67}},"27":{"start":{"line":112,"column":2},"end":{"line":112,"column":17}}},"fnMap":{"0":{"name":"(anonymous_0)","decl":{"start":{"line":37,"column":31},"end":{"line":37,"column":32}},"loc":{"start":{"line":37,"column":49},"end":{"line":103,"column":1}},"line":37},"1":{"name":"(anonymous_1)","decl":{"start":{"line":41,"column":12},"end":{"line":41,"column":13}},"loc":{"start":{"line":41,"column":18},"end":{"line":58,"column":3}},"line":41},"2":{"name":"loadStorageData","decl":{"start":{"line":42,"column":19},"end":{"line":42,"column":34}},"loc":{"start":{"line":42,"column":52},"end":{"line":55,"column":5}},"line":42},"3":{"name":"(anonymous_3)","decl":{"start":{"line":60,"column":29},"end":{"line":60,"column":30}},"loc":{"start":{"line":60,"column":60},"end":{"line":76,"column":3}},"line":60},"4":{"name":"(anonymous_4)","decl":{"start":{"line":78,"column":30},"end":{"line":78,"column":31}},"loc":{"start":{"line":78,"column":42},"end":{"line":82,"column":3}},"line":78},"5":{"name":"(anonymous_5)","decl":{"start":{"line":85,"column":4},"end":{"line":85,"column":5}},"loc":{"start":{"line":85,"column":26},"end":{"line":92,"column":5}},"line":85},"6":{"name":"useAuth","decl":{"start":{"line":105,"column":9},"end":{"line":105,"column":16}},"loc":{"start":{"line":105,"column":36},"end":{"line":113,"column":1}},"line":105}},"branchMap":{"0":{"loc":{"start":{"line":48,"column":6},"end":{"line":52,"column":7}},"type":"if","locations":[{"start":{"line":48,"column":6},"end":{"line":52,"column":7}},{"start":{"line":48,"column":6},"end":{"line":52,"column":7}}],"line":48},"1":{"loc":{"start":{"line":48,"column":10},"end":{"line":48,"column":29}},"type":"binary-expr","locations":[{"start":{"line":48,"column":10},"end":{"line":48,"column":18}},{"start":{"line":48,"column":22},"end":{"line":48,"column":29}}],"line":48},"2":{"loc":{"start":{"line":108,"column":2},"end":{"line":110,"column":3}},"type":"if","locations":[{"start":{"line":108,"column":2},"end":{"line":110,"column":3}},{"start":{"line":108,"column":2},"end":{"line":110,"column":3}}],"line":108}},"s":{"0":1,"1":1,"2":0,"3":0,"4":0,"5":0,"6":0,"7":0,"8":0,"9":0,"10":0,"11":0,"12":0,"13":0,"14":0,"15":0,"16":0,"17":0,"18":0,"19":0,"20":0,"21":0,"22":0,"23":0,"24":1,"25":1,"26":0,"27":1},"f":{"0":0,"1":0,"2":0,"3":0,"4":0,"5":0,"6":1},"b":{"0":[0,0],"1":[0,0],"2":[0,1]},"_coverageSchema":"43e27e138ebf9cfc5966b082cf9a028302ed4184","hash":"5ff0e61cccfe82a4cecc21bf94f08242151d7819"}
,"D:\\myDocs\\Estudos\\Rocketseat\\GoStack11\\Nivel5\\gobarber\\src\\pages\\SignIn\\index.tsx": {"path":"D:\\myDocs\\Estudos\\Rocketseat\\GoStack11\\Nivel5\\gobarber\\src\\pages\\SignIn\\index.tsx","statementMap":{"0":{"start":{"line":41,"column":25},"end":{"line":150,"column":1}},"1":{"start":{"line":42,"column":18},"end":{"line":42,"column":43}},"2":{"start":{"line":44,"column":27},"end":{"line":44,"column":50}},"3":{"start":{"line":46,"column":21},"end":{"line":46,"column":36}},"4":{"start":{"line":48,"column":21},"end":{"line":48,"column":30}},"5":{"start":{"line":50,"column":23},"end":{"line":86,"column":3}},"6":{"start":{"line":52,"column":6},"end":{"line":83,"column":7}},"7":{"start":{"line":53,"column":8},"end":{"line":53,"column":39}},"8":{"start":{"line":55,"column":23},"end":{"line":60,"column":10}},"9":{"start":{"line":62,"column":8},"end":{"line":64,"column":11}},"10":{"start":{"line":66,"column":8},"end":{"line":69,"column":11}},"11":{"start":{"line":71,"column":8},"end":{"line":77,"column":9}},"12":{"start":{"line":72,"column":25},"end":{"line":72,"column":49}},"13":{"start":{"line":74,"column":10},"end":{"line":74,"column":45}},"14":{"start":{"line":76,"column":10},"end":{"line":76,"column":17}},"15":{"start":{"line":79,"column":8},"end":{"line":82,"column":10}},"16":{"start":{"line":88,"column":2},"end":{"line":149,"column":4}},"17":{"start":{"line":124,"column":18},"end":{"line":124,"column":48}},"18":{"start":{"line":130,"column":18},"end":{"line":130,"column":48}},"19":{"start":{"line":143,"column":44},"end":{"line":143,"column":73}}},"fnMap":{"0":{"name":"(anonymous_0)","decl":{"start":{"line":41,"column":25},"end":{"line":41,"column":26}},"loc":{"start":{"line":41,"column":31},"end":{"line":150,"column":1}},"line":41},"1":{"name":"(anonymous_1)","decl":{"start":{"line":51,"column":4},"end":{"line":51,"column":5}},"loc":{"start":{"line":51,"column":36},"end":{"line":84,"column":5}},"line":51},"2":{"name":"(anonymous_2)","decl":{"start":{"line":123,"column":33},"end":{"line":123,"column":34}},"loc":{"start":{"line":123,"column":39},"end":{"line":125,"column":17}},"line":123},"3":{"name":"(anonymous_3)","decl":{"start":{"line":129,"column":25},"end":{"line":129,"column":26}},"loc":{"start":{"line":129,"column":31},"end":{"line":131,"column":17}},"line":129},"4":{"name":"(anonymous_4)","decl":{"start":{"line":137,"column":37},"end":{"line":137,"column":38}},"loc":{"start":{"line":137,"column":43},"end":{"line":137,"column":45}},"line":137},"5":{"name":"(anonymous_5)","decl":{"start":{"line":143,"column":38},"end":{"line":143,"column":39}},"loc":{"start":{"line":143,"column":44},"end":{"line":143,"column":73}},"line":143}},"branchMap":{"0":{"loc":{"start":{"line":71,"column":8},"end":{"line":77,"column":9}},"type":"if","locations":[{"start":{"line":71,"column":8},"end":{"line":77,"column":9}},{"start":{"line":71,"column":8},"end":{"line":77,"column":9}}],"line":71},"1":{"loc":{"start":{"line":92,"column":18},"end":{"line":92,"column":63}},"type":"cond-expr","locations":[{"start":{"line":92,"column":42},"end":{"line":92,"column":51}},{"start":{"line":92,"column":54},"end":{"line":92,"column":63}}],"line":92}},"s":{"0":1,"1":1,"2":1,"3":1,"4":1,"5":1,"6":0,"7":0,"8":0,"9":0,"10":0,"11":0,"12":0,"13":0,"14":0,"15":0,"16":1,"17":0,"18":0,"19":0},"f":{"0":1,"1":0,"2":0,"3":0,"4":0,"5":0},"b":{"0":[0,0],"1":[1,0]},"_coverageSchema":"43e27e138ebf9cfc5966b082cf9a028302ed4184","hash":"fcb4f15ead8c75db6a1470ab66c7fd864d10f910"}
,"D:\\myDocs\\Estudos\\Rocketseat\\GoStack11\\Nivel5\\gobarber\\src\\pages\\SignIn\\styles.ts": {"path":"D:\\myDocs\\Estudos\\Rocketseat\\GoStack11\\Nivel5\\gobarber\\src\\pages\\SignIn\\styles.ts","statementMap":{"0":{"start":{"line":6,"column":25},"end":{"line":11,"column":1}},"1":{"start":{"line":13,"column":21},"end":{"line":18,"column":1}},"2":{"start":{"line":20,"column":30},"end":{"line":22,"column":1}},"3":{"start":{"line":24,"column":34},"end":{"line":28,"column":1}},"4":{"start":{"line":30,"column":35},"end":{"line":43,"column":1}},"5":{"start":{"line":45,"column":39},"end":{"line":50,"column":1}}},"fnMap":{},"branchMap":{"0":{"loc":{"start":{"line":10,"column":20},"end":{"line":10,"column":56}},"type":"cond-expr","locations":[{"start":{"line":10,"column":48},"end":{"line":10,"column":51}},{"start":{"line":10,"column":54},"end":{"line":10,"column":56}}],"line":10}},"s":{"0":1,"1":1,"2":1,"3":1,"4":1,"5":1},"f":{},"b":{"0":[0,1]},"_coverageSchema":"43e27e138ebf9cfc5966b082cf9a028302ed4184","hash":"b7275997429639e60faaf550a3fdc52eb0036149"}
,"D:\\myDocs\\Estudos\\Rocketseat\\GoStack11\\Nivel5\\gobarber\\src\\services\\api.ts": {"path":"D:\\myDocs\\Estudos\\Rocketseat\\GoStack11\\Nivel5\\gobarber\\src\\services\\api.ts","statementMap":{"0":{"start":{"line":3,"column":12},"end":{"line":5,"column":2}}},"fnMap":{},"branchMap":{},"s":{"0":1},"f":{},"b":{},"_coverageSchema":"43e27e138ebf9cfc5966b082cf9a028302ed4184","hash":"14e00841c85de021b026ce7299c22ad921505563"}
,"D:\\myDocs\\Estudos\\Rocketseat\\GoStack11\\Nivel5\\gobarber\\src\\utils\\getValidationErrors.ts": {"path":"D:\\myDocs\\Estudos\\Rocketseat\\GoStack11\\Nivel5\\gobarber\\src\\utils\\getValidationErrors.ts","statementMap":{"0":{"start":{"line":8,"column":35},"end":{"line":8,"column":37}},"1":{"start":{"line":10,"column":2},"end":{"line":12,"column":5}},"2":{"start":{"line":11,"column":4},"end":{"line":11,"column":49}},"3":{"start":{"line":14,"column":2},"end":{"line":14,"column":26}}},"fnMap":{"0":{"name":"getValidationErrors","decl":{"start":{"line":7,"column":24},"end":{"line":7,"column":43}},"loc":{"start":{"line":7,"column":74},"end":{"line":15,"column":1}},"line":7},"1":{"name":"(anonymous_1)","decl":{"start":{"line":10,"column":20},"end":{"line":10,"column":21}},"loc":{"start":{"line":10,"column":31},"end":{"line":12,"column":3}},"line":10}},"branchMap":{},"s":{"0":0,"1":0,"2":0,"3":0},"f":{"0":0,"1":0},"b":{},"_coverageSchema":"43e27e138ebf9cfc5966b082cf9a028302ed4184","hash":"26b7ed8df0ecf4afbb4471b9cbe364101f160414"}
}
