TN:
SF:D:\myDocs\Estudos\Rocketseat\GoStack11\Nivel5\gobarber\src\assets\logo.png
FNF:0
FNH:0
DA:1,1
LF:1
LH:1
BRF:0
BRH:0
end_of_record
TN:
SF:D:\myDocs\Estudos\Rocketseat\GoStack11\Nivel5\gobarber\src\components\Button\index.tsx
FN:10,(anonymous_0)
FNF:1
FNH:1
FNDA:1,(anonymous_0)
DA:10,1
DA:11,1
LF:2
LH:2
BRF:0
BRH:0
end_of_record
TN:
SF:D:\myDocs\Estudos\Rocketseat\GoStack11\Nivel5\gobarber\src\components\Button\styles.ts
FNF:0
FNH:0
DA:4,1
DA:14,1
LF:2
LH:2
BRF:0
BRH:0
end_of_record
TN:
SF:D:\myDocs\Estudos\Rocketseat\GoStack11\Nivel5\gobarber\src\components\Input\index.tsx
FN:28,(anonymous_0)
FN:40,(anonymous_1)
FN:44,(anonymous_2)
FN:50,(anonymous_3)
FN:51,(anonymous_4)
FN:56,(anonymous_5)
FN:79,(anonymous_6)
FNF:7
FNH:3
FNDA:2,(anonymous_0)
FNDA:0,(anonymous_1)
FNDA:0,(anonymous_2)
FNDA:1,(anonymous_3)
FNDA:0,(anonymous_4)
FNDA:2,(anonymous_5)
FNDA:0,(anonymous_6)
DA:28,1
DA:32,2
DA:34,2
DA:35,2
DA:37,2
DA:38,2
DA:40,2
DA:41,0
DA:44,2
DA:45,0
DA:47,0
DA:50,2
DA:52,0
DA:56,2
DA:57,2
DA:64,2
DA:80,0
LF:17
LH:12
BRDA:29,0,0,2
BRDA:34,1,0,2
BRDA:69,2,0,0
BRDA:69,2,1,2
BRDA:69,3,0,2
BRDA:69,3,1,2
BRF:6
BRH:5
end_of_record
TN:
SF:D:\myDocs\Estudos\Rocketseat\GoStack11\Nivel5\gobarber\src\components\Input\styles.ts
FN:22,(anonymous_0)
FN:28,(anonymous_1)
FNF:2
FNH:2
FNDA:2,(anonymous_0)
FNDA:2,(anonymous_1)
DA:9,1
DA:23,2
DA:29,2
DA:35,1
DA:42,1
LF:5
LH:5
BRDA:23,0,0,2
BRDA:23,0,1,0
BRDA:29,1,0,2
BRDA:29,1,1,0
BRF:4
BRH:2
end_of_record
TN:
SF:D:\myDocs\Estudos\Rocketseat\GoStack11\Nivel5\gobarber\src\hooks\auth.tsx
FN:37,(anonymous_0)
FN:41,(anonymous_1)
FN:42,loadStorageData
FN:60,(anonymous_3)
FN:78,(anonymous_4)
FN:85,(anonymous_5)
FN:105,useAuth
FNF:7
FNH:1
FNDA:0,(anonymous_0)
FNDA:0,(anonymous_1)
FNDA:0,loadStorageData
FNDA:0,(anonymous_3)
FNDA:0,(anonymous_4)
FNDA:0,(anonymous_5)
FNDA:1,useAuth
DA:35,1
DA:37,1
DA:38,0
DA:39,0
DA:41,0
DA:43,0
DA:48,0
DA:49,0
DA:51,0
DA:54,0
DA:57,0
DA:60,0
DA:61,0
DA:66,0
DA:68,0
DA:73,0
DA:75,0
DA:78,0
DA:79,0
DA:81,0
DA:84,0
DA:86,0
DA:88,0
DA:96,0
DA:106,1
DA:108,1
DA:109,0
DA:112,1
LF:28
LH:5
BRDA:48,0,0,0
BRDA:48,0,1,0
BRDA:48,1,0,0
BRDA:48,1,1,0
BRDA:108,2,0,0
BRDA:108,2,1,1
BRF:6
BRH:1
end_of_record
TN:
SF:D:\myDocs\Estudos\Rocketseat\GoStack11\Nivel5\gobarber\src\pages\SignIn\index.tsx
FN:41,(anonymous_0)
FN:51,(anonymous_1)
FN:123,(anonymous_2)
FN:129,(anonymous_3)
FN:137,(anonymous_4)
FN:143,(anonymous_5)
FNF:6
FNH:1
FNDA:1,(anonymous_0)
FNDA:0,(anonymous_1)
FNDA:0,(anonymous_2)
FNDA:0,(anonymous_3)
FNDA:0,(anonymous_4)
FNDA:0,(anonymous_5)
DA:41,1
DA:42,1
DA:44,1
DA:46,1
DA:48,1
DA:50,1
DA:52,0
DA:53,0
DA:55,0
DA:62,0
DA:66,0
DA:71,0
DA:72,0
DA:74,0
DA:76,0
DA:79,0
DA:88,1
DA:124,0
DA:130,0
DA:143,0
LF:20
LH:7
BRDA:71,0,0,0
BRDA:71,0,1,0
BRDA:92,1,0,1
BRDA:92,1,1,0
BRF:4
BRH:1
end_of_record
TN:
SF:D:\myDocs\Estudos\Rocketseat\GoStack11\Nivel5\gobarber\src\pages\SignIn\styles.ts
FNF:0
FNH:0
DA:6,1
DA:13,1
DA:20,1
DA:24,1
DA:30,1
DA:45,1
LF:6
LH:6
BRDA:10,0,0,0
BRDA:10,0,1,1
BRF:2
BRH:1
end_of_record
TN:
SF:D:\myDocs\Estudos\Rocketseat\GoStack11\Nivel5\gobarber\src\services\api.ts
FNF:0
FNH:0
DA:3,1
LF:1
LH:1
BRF:0
BRH:0
end_of_record
TN:
SF:D:\myDocs\Estudos\Rocketseat\GoStack11\Nivel5\gobarber\src\utils\getValidationErrors.ts
FN:7,getValidationErrors
FN:10,(anonymous_1)
FNF:2
FNH:0
FNDA:0,getValidationErrors
FNDA:0,(anonymous_1)
DA:8,0
DA:10,0
DA:11,0
DA:14,0
LF:4
LH:0
BRF:0
BRH:0
end_of_record
